<?xml version="1.0" encoding="UTF-8"?>
<!-- Generated by org.testng.reporters.JUnitXMLReporter -->
<testsuite ignored="0" hostname="WJLP-1587" failures="1" tests="1" name="Default test" time="12.864" errors="0" timestamp="2021-03-01T10:58:23 IST">
  <testcase classname="io.cucumber.testng.AbstractTestNGCucumberTests" name="runScenario" time="12.374">
    <failure type="io.cucumber.testng.UndefinedStepException" message="There were 17 undefined steps
The step &amp;quot;Selecting the a company and access role&amp;quot; is undefined. You can implement it using the snippet(s) below:

@Then(&amp;quot;Selecting the a company and access role&amp;quot;)
public void selecting_the_a_company_and_access_role() {
    // Write code here that turns the phrase above into concrete actions
    throw new io.cucumber.java.PendingException();
}

The step &amp;quot;Open the Project Management Module&amp;quot; is undefined. You can implement it using the snippet(s) below:

@When(&amp;quot;Open the Project Management Module&amp;quot;)
public void open_the_Project_Management_Module() {
    // Write code here that turns the phrase above into concrete actions
    throw new io.cucumber.java.PendingException();
}

The step &amp;quot;Open the BoQ module&amp;quot; is undefined. You can implement it using the snippet(s) below:

@When(&amp;quot;Open the BoQ module&amp;quot;)
public void open_the_BoQ_module() {
    // Write code here that turns the phrase above into concrete actions
    throw new io.cucumber.java.PendingException();
}

The step &amp;quot;Refesh the page to load the projects&amp;quot; is undefined. You can implement it using the snippet(s) below:

@When(&amp;quot;Refesh the page to load the projects&amp;quot;)
public void refesh_the_page_to_load_the_projects() {
    // Write code here that turns the phrase above into concrete actions
    throw new io.cucumber.java.PendingException();
}

The step &amp;quot;Select the Wizard from sidebar&amp;quot; is undefined. You can implement it using the snippet(s) below:

@When(&amp;quot;Select the Wizard from sidebar&amp;quot;)
public void select_the_Wizard_from_sidebar() {
    // Write code here that turns the phrase above into concrete actions
    throw new io.cucumber.java.PendingException();
}

The step &amp;quot;Click on Create and Import multiple BoQs&amp;quot; is undefined. You can implement it using the snippet(s) below:

@When(&amp;quot;Click on Create and Import multiple BoQs&amp;quot;)
public void click_on_Create_and_Import_multiple_BoQs() {
    // Write code here that turns the phrase above into concrete actions
    throw new io.cucumber.java.PendingException();
}

The step &amp;quot;Choose multiple BoQs form the Computer and Import&amp;quot; is undefined. You can implement it using the snippet(s) below:

@When(&amp;quot;Choose multiple BoQs form the Computer and Import&amp;quot;)
public void choose_multiple_BoQs_form_the_Computer_and_Import() {
    // Write code here that turns the phrase above into concrete actions
    throw new io.cucumber.java.PendingException();
}

The step &amp;quot;Marked Assignment Mode against every GAEB Name and submit&amp;quot; is undefined. You can implement it using the snippet(s) below:

@When(&amp;quot;Marked Assignment Mode against every GAEB Name and submit&amp;quot;)
public void marked_Assignment_Mode_against_every_GAEB_Name_and_submit() {
    // Write code here that turns the phrase above into concrete actions
    throw new io.cucumber.java.PendingException();
}

The step &amp;quot;Confirm the GAEB Import&amp;quot; is undefined. You can implement it using the snippet(s) below:

@When(&amp;quot;Confirm the GAEB Import&amp;quot;)
public void confirm_the_GAEB_Import() {
    // Write code here that turns the phrase above into concrete actions
    throw new io.cucumber.java.PendingException();
}

The step &amp;quot;Accept the Error and Continue&amp;quot; is undefined. You can implement it using the snippet(s) below:

@When(&amp;quot;Accept the Error and Continue&amp;quot;)
public void accept_the_Error_and_Continue() {
    // Write code here that turns the phrase above into concrete actions
    throw new io.cucumber.java.PendingException();
}

The step &amp;quot;Marked Assignment Mode against every GAEB Name and submit&amp;quot; is undefined. You can implement it using the snippet(s) below:

@When(&amp;quot;Marked Assignment Mode against every GAEB Name and submit&amp;quot;)
public void marked_Assignment_Mode_against_every_GAEB_Name_and_submit() {
    // Write code here that turns the phrase above into concrete actions
    throw new io.cucumber.java.PendingException();
}

The step &amp;quot;Go to the particuler BoQ&amp;quot; is undefined. You can implement it using the snippet(s) below:

@When(&amp;quot;Go to the particuler BoQ&amp;quot;)
public void go_to_the_particuler_BoQ() {
    // Write code here that turns the phrase above into concrete actions
    throw new io.cucumber.java.PendingException();
}

The step &amp;quot;Open the project from Quick Start&amp;quot; is undefined. You can implement it using the snippet(s) below:

@When(&amp;quot;Open the project from Quick Start&amp;quot;)
public void open_the_project_from_Quick_Start() {
    // Write code here that turns the phrase above into concrete actions
    throw new io.cucumber.java.PendingException();
}

The step &amp;quot;Select all BoQs&amp;quot; is undefined. You can implement it using the snippet(s) below:

@When(&amp;quot;Select all BoQs&amp;quot;)
public void select_all_BoQs() {
    // Write code here that turns the phrase above into concrete actions
    throw new io.cucumber.java.PendingException();
}

The step &amp;quot;Delete all BoQs and Confirm the delete operation&amp;quot; is undefined. You can implement it using the snippet(s) below:

@Then(&amp;quot;Delete all BoQs and Confirm the delete operation&amp;quot;)
public void delete_all_BoQs_and_Confirm_the_delete_operation() {
    // Write code here that turns the phrase above into concrete actions
    throw new io.cucumber.java.PendingException();
}

The step &amp;quot;Save the changes&amp;quot; is undefined. You can implement it using the snippet(s) below:

@Then(&amp;quot;Save the changes&amp;quot;)
public void save_the_changes() {
    // Write code here that turns the phrase above into concrete actions
    throw new io.cucumber.java.PendingException();
}

The step &amp;quot;Logout the Application&amp;quot; is undefined. You can implement it using the snippet(s) below:

@Then(&amp;quot;Logout the Application&amp;quot;)
public void logout_the_Application() {
    // Write code here that turns the phrase above into concrete actions
    throw new io.cucumber.java.PendingException();
}
">
      <![CDATA[io.cucumber.testng.UndefinedStepException: There were 17 undefined steps
The step "Selecting the a company and access role" is undefined. You can implement it using the snippet(s) below:

@Then("Selecting the a company and access role")
public void selecting_the_a_company_and_access_role() {
    // Write code here that turns the phrase above into concrete actions
    throw new io.cucumber.java.PendingException();
}

The step "Open the Project Management Module" is undefined. You can implement it using the snippet(s) below:

@When("Open the Project Management Module")
public void open_the_Project_Management_Module() {
    // Write code here that turns the phrase above into concrete actions
    throw new io.cucumber.java.PendingException();
}

The step "Open the BoQ module" is undefined. You can implement it using the snippet(s) below:

@When("Open the BoQ module")
public void open_the_BoQ_module() {
    // Write code here that turns the phrase above into concrete actions
    throw new io.cucumber.java.PendingException();
}

The step "Refesh the page to load the projects" is undefined. You can implement it using the snippet(s) below:

@When("Refesh the page to load the projects")
public void refesh_the_page_to_load_the_projects() {
    // Write code here that turns the phrase above into concrete actions
    throw new io.cucumber.java.PendingException();
}

The step "Select the Wizard from sidebar" is undefined. You can implement it using the snippet(s) below:

@When("Select the Wizard from sidebar")
public void select_the_Wizard_from_sidebar() {
    // Write code here that turns the phrase above into concrete actions
    throw new io.cucumber.java.PendingException();
}

The step "Click on Create and Import multiple BoQs" is undefined. You can implement it using the snippet(s) below:

@When("Click on Create and Import multiple BoQs")
public void click_on_Create_and_Import_multiple_BoQs() {
    // Write code here that turns the phrase above into concrete actions
    throw new io.cucumber.java.PendingException();
}

The step "Choose multiple BoQs form the Computer and Import" is undefined. You can implement it using the snippet(s) below:

@When("Choose multiple BoQs form the Computer and Import")
public void choose_multiple_BoQs_form_the_Computer_and_Import() {
    // Write code here that turns the phrase above into concrete actions
    throw new io.cucumber.java.PendingException();
}

The step "Marked Assignment Mode against every GAEB Name and submit" is undefined. You can implement it using the snippet(s) below:

@When("Marked Assignment Mode against every GAEB Name and submit")
public void marked_Assignment_Mode_against_every_GAEB_Name_and_submit() {
    // Write code here that turns the phrase above into concrete actions
    throw new io.cucumber.java.PendingException();
}

The step "Confirm the GAEB Import" is undefined. You can implement it using the snippet(s) below:

@When("Confirm the GAEB Import")
public void confirm_the_GAEB_Import() {
    // Write code here that turns the phrase above into concrete actions
    throw new io.cucumber.java.PendingException();
}

The step "Accept the Error and Continue" is undefined. You can implement it using the snippet(s) below:

@When("Accept the Error and Continue")
public void accept_the_Error_and_Continue() {
    // Write code here that turns the phrase above into concrete actions
    throw new io.cucumber.java.PendingException();
}

The step "Marked Assignment Mode against every GAEB Name and submit" is undefined. You can implement it using the snippet(s) below:

@When("Marked Assignment Mode against every GAEB Name and submit")
public void marked_Assignment_Mode_against_every_GAEB_Name_and_submit() {
    // Write code here that turns the phrase above into concrete actions
    throw new io.cucumber.java.PendingException();
}

The step "Go to the particuler BoQ" is undefined. You can implement it using the snippet(s) below:

@When("Go to the particuler BoQ")
public void go_to_the_particuler_BoQ() {
    // Write code here that turns the phrase above into concrete actions
    throw new io.cucumber.java.PendingException();
}

The step "Open the project from Quick Start" is undefined. You can implement it using the snippet(s) below:

@When("Open the project from Quick Start")
public void open_the_project_from_Quick_Start() {
    // Write code here that turns the phrase above into concrete actions
    throw new io.cucumber.java.PendingException();
}

The step "Select all BoQs" is undefined. You can implement it using the snippet(s) below:

@When("Select all BoQs")
public void select_all_BoQs() {
    // Write code here that turns the phrase above into concrete actions
    throw new io.cucumber.java.PendingException();
}

The step "Delete all BoQs and Confirm the delete operation" is undefined. You can implement it using the snippet(s) below:

@Then("Delete all BoQs and Confirm the delete operation")
public void delete_all_BoQs_and_Confirm_the_delete_operation() {
    // Write code here that turns the phrase above into concrete actions
    throw new io.cucumber.java.PendingException();
}

The step "Save the changes" is undefined. You can implement it using the snippet(s) below:

@Then("Save the changes")
public void save_the_changes() {
    // Write code here that turns the phrase above into concrete actions
    throw new io.cucumber.java.PendingException();
}

The step "Logout the Application" is undefined. You can implement it using the snippet(s) below:

@Then("Logout the Application")
public void logout_the_Application() {
    // Write code here that turns the phrase above into concrete actions
    throw new io.cucumber.java.PendingException();
}

at io.cucumber.testng.TestCaseResultObserver.lambda$assertTestCasePassed$2(TestCaseResultObserver.java:26)
at io.cucumber.core.runtime.TestCaseResultObserver.assertTestCasePassed(TestCaseResultObserver.java:110)
at io.cucumber.testng.TestCaseResultObserver.assertTestCasePassed(TestCaseResultObserver.java:21)
at io.cucumber.testng.TestNGCucumberRunner.runScenario(TestNGCucumberRunner.java:125)
at io.cucumber.testng.AbstractTestNGCucumberTests.runScenario(AbstractTestNGCucumberTests.java:29)
at java.base/jdk.internal.reflect.NativeMethodAccessorImpl.invoke0(Native Method)
at java.base/jdk.internal.reflect.NativeMethodAccessorImpl.invoke(NativeMethodAccessorImpl.java:64)
at java.base/jdk.internal.reflect.DelegatingMethodAccessorImpl.invoke(DelegatingMethodAccessorImpl.java:43)
at java.base/java.lang.reflect.Method.invoke(Method.java:564)
at org.testng.internal.MethodInvocationHelper.invokeMethod(MethodInvocationHelper.java:134)
at org.testng.internal.TestInvoker.invokeMethod(TestInvoker.java:597)
at org.testng.internal.TestInvoker.invokeTestMethod(TestInvoker.java:173)
at org.testng.internal.MethodRunner.runInSequence(MethodRunner.java:46)
at org.testng.internal.TestInvoker$MethodInvocationAgent.invoke(TestInvoker.java:816)
at org.testng.internal.TestInvoker.invokeTestMethods(TestInvoker.java:146)
at org.testng.internal.TestMethodWorker.invokeTestMethods(TestMethodWorker.java:146)
at org.testng.internal.TestMethodWorker.run(TestMethodWorker.java:128)
at java.base/java.util.ArrayList.forEach(ArrayList.java:1511)
at org.testng.TestRunner.privateRun(TestRunner.java:766)
at org.testng.TestRunner.run(TestRunner.java:587)
at org.testng.SuiteRunner.runTest(SuiteRunner.java:384)
at org.testng.SuiteRunner.runSequentially(SuiteRunner.java:378)
at org.testng.SuiteRunner.privateRun(SuiteRunner.java:337)
at org.testng.SuiteRunner.run(SuiteRunner.java:286)
at org.testng.SuiteRunnerWorker.runSuite(SuiteRunnerWorker.java:53)
at org.testng.SuiteRunnerWorker.run(SuiteRunnerWorker.java:96)
at org.testng.TestNG.runSuitesSequentially(TestNG.java:1187)
at org.testng.TestNG.runSuitesLocally(TestNG.java:1109)
at org.testng.TestNG.runSuites(TestNG.java:1039)
at org.testng.TestNG.run(TestNG.java:1007)
at org.testng.remote.AbstractRemoteTestNG.run(AbstractRemoteTestNG.java:115)
at org.testng.remote.RemoteTestNG.initAndRun(RemoteTestNG.java:251)
at org.testng.remote.RemoteTestNG.main(RemoteTestNG.java:77)
]]>
    </failure>
  </testcase> <!-- runScenario -->
</testsuite> <!-- Default test -->
